[{"line":2,"elements":[{"line":3,"name":"","description":"","type":"background","keyword":"Background","steps":[{"result":{"duration":2445500000,"status":"passed"},"line":4,"name":"Go to n11 login page","match":{"location":"parallel.LoginSteps.goToN11()"},"keyword":"* "}]},{"start_timestamp":"2024-01-14T15:40:30.739Z","before":[{"result":{"duration":2471000,"status":"passed"},"match":{"location":"base.BaseTest.before(io.cucumber.java.Scenario)"}},{"result":{"duration":1227496000,"status":"passed"},"match":{"location":"base.BaseTest.setUp()"}}],"line":6,"name":"Successfully Login","description":"","id":"login-scenarios;successfully-login","after":[{"result":{"error_message":"org.openqa.selenium.NoSuchSessionException: Session ID is null. Using WebDriver after calling quit()?\nBuild info: version: '4.12.1', revision: '8e34639b11'\nSystem info: os.name: 'Mac OS X', os.arch: 'aarch64', os.version: '14.1.2', java.version: '21.0.1'\nDriver info: org.openqa.selenium.remote.RemoteWebDriver\nCommand: [null, screenshot {}]\nCapabilities {acceptInsecureCerts: false, browserName: chrome, browserVersion: 117.0.5938.62, chrome: {chromedriverVersion: 117.0.5938.62 (25a7172909a4..., userDataDir: /tmp/.org.chromium.Chromium...}, fedcm:accounts: true, goog:chromeOptions: {debuggerAddress: localhost:43497}, networkConnectionEnabled: false, pageLoadStrategy: normal, platformName: linux, proxy: Proxy(), se:bidiEnabled: false, se:cdp: ws://172.19.0.3:4444/sessio..., se:cdpVersion: 117.0.5938.62, se:vnc: ws://172.19.0.3:4444/sessio..., se:vncEnabled: true, se:vncLocalAddress: ws://172.19.0.3:7900, setWindowRect: true, strictFileInteractability: false, timeouts: {implicit: 0, pageLoad: 300000, script: 30000}, unhandledPromptBehavior: dismiss and notify, webauthn:extension:credBlob: true, webauthn:extension:largeBlob: true, webauthn:extension:minPinLength: true, webauthn:extension:prf: true, webauthn:virtualAuthenticators: true}\n\tat org.openqa.selenium.remote.HttpCommandExecutor.execute(HttpCommandExecutor.java:152)\n\tat org.openqa.selenium.remote.TracedCommandExecutor.execute(TracedCommandExecutor.java:51)\n\tat org.openqa.selenium.remote.RemoteWebDriver.execute(RemoteWebDriver.java:602)\n\tat org.openqa.selenium.remote.RemoteWebDriver.execute(RemoteWebDriver.java:675)\n\tat org.openqa.selenium.remote.RemoteWebDriver.execute(RemoteWebDriver.java:679)\n\tat org.openqa.selenium.remote.RemoteWebDriver.getScreenshotAs(RemoteWebDriver.java:325)\n\tat base.BaseTest.takeScreenshot(BaseTest.java:99)\n\tat base.BaseTest.tearDown(BaseTest.java:91)\n","duration":731000,"status":"failed"},"match":{"location":"base.BaseTest.tearDown()"}}],"type":"scenario","keyword":"Scenario","steps":[{"result":{"duration":115010000,"status":"passed"},"line":7,"name":"Username is entered from config","match":{"location":"parallel.LoginSteps.enterUsername()"},"keyword":"* "},{"result":{"duration":143698000,"status":"passed"},"line":8,"name":"Password is entered from config","match":{"location":"parallel.LoginSteps.enterPassword()"},"keyword":"* "},{"result":{"duration":2305091000,"status":"passed"},"line":9,"name":"Clicking on sign in button","match":{"location":"parallel.LoginSteps.clickSignIn()"},"keyword":"* "},{"result":{"error_message":"org.openqa.selenium.TimeoutException: Expected condition failed: waiting for presence of element located by: By.xpath: //*[@automation='submitButton'] (tried for 10 second(s) with 500 milliseconds interval)\n\tat org.openqa.selenium.support.ui.WebDriverWait.timeoutException(WebDriverWait.java:84)\n\tat org.openqa.selenium.support.ui.FluentWait.until(FluentWait.java:230)\n\tat base.BasePage.findElement(BasePage.java:17)\n\tat base.BasePage.checkElementDisplayed(BasePage.java:36)\n\tat parallel.LoginSteps.checkSuccessfullyLogin(LoginSteps.java:67)\n\tat âœ½.Check that logged in successfully(file:///Users/asaf/Desktop/Discipline/projects/DDevOps/seleniumAppForJenkinsSonar/src/test/java/resources/parallel/LoginTests.feature:10)\nCaused by: org.openqa.selenium.NoSuchElementException: no such element: Unable to locate element: {\"method\":\"xpath\",\"selector\":\"//*[@automation='submitButton']\"}\n  (Session info: headless chrome=117.0.5938.62)\nFor documentation on this error, please visit: https://www.selenium.dev/documentation/webdriver/troubleshooting/errors#no-such-element-exception\nBuild info: version: '4.12.1', revision: '8e34639b11'\nSystem info: os.name: 'Mac OS X', os.arch: 'aarch64', os.version: '14.1.2', java.version: '21.0.1'\nDriver info: org.openqa.selenium.remote.RemoteWebDriver\nCommand: [09f74efce7937a01702db2e69cbcfd4d, findElement {using=xpath, value=//*[@automation='submitButton']}]\nCapabilities {acceptInsecureCerts: false, browserName: chrome, browserVersion: 117.0.5938.62, chrome: {chromedriverVersion: 117.0.5938.62 (25a7172909a4..., userDataDir: /tmp/.org.chromium.Chromium...}, fedcm:accounts: true, goog:chromeOptions: {debuggerAddress: localhost:39819}, networkConnectionEnabled: false, pageLoadStrategy: normal, platformName: linux, proxy: Proxy(), se:bidiEnabled: false, se:cdp: ws://172.19.0.3:4444/sessio..., se:cdpVersion: 117.0.5938.62, se:vnc: ws://172.19.0.3:4444/sessio..., se:vncEnabled: true, se:vncLocalAddress: ws://172.19.0.3:7900, setWindowRect: true, strictFileInteractability: false, timeouts: {implicit: 0, pageLoad: 300000, script: 30000}, unhandledPromptBehavior: dismiss and notify, webauthn:extension:credBlob: true, webauthn:extension:largeBlob: true, webauthn:extension:minPinLength: true, webauthn:extension:prf: true, webauthn:virtualAuthenticators: true}\nSession ID: 09f74efce7937a01702db2e69cbcfd4d\n\tat java.base/jdk.internal.reflect.DirectConstructorHandleAccessor.newInstance(DirectConstructorHandleAccessor.java:62)\n\tat java.base/java.lang.reflect.Constructor.newInstanceWithCaller(Constructor.java:502)\n\tat java.base/java.lang.reflect.Constructor.newInstance(Constructor.java:486)\n\tat org.openqa.selenium.remote.codec.w3c.W3CHttpResponseCodec.createException(W3CHttpResponseCodec.java:200)\n\tat org.openqa.selenium.remote.codec.w3c.W3CHttpResponseCodec.decode(W3CHttpResponseCodec.java:133)\n\tat org.openqa.selenium.remote.codec.w3c.W3CHttpResponseCodec.decode(W3CHttpResponseCodec.java:52)\n\tat org.openqa.selenium.remote.HttpCommandExecutor.execute(HttpCommandExecutor.java:191)\n\tat org.openqa.selenium.remote.TracedCommandExecutor.execute(TracedCommandExecutor.java:51)\n\tat org.openqa.selenium.remote.RemoteWebDriver.execute(RemoteWebDriver.java:602)\n\tat org.openqa.selenium.remote.ElementLocation$ElementFinder$2.findElement(ElementLocation.java:165)\n\tat org.openqa.selenium.remote.ElementLocation.findElement(ElementLocation.java:59)\n\tat org.openqa.selenium.remote.RemoteWebDriver.findElement(RemoteWebDriver.java:359)\n\tat org.openqa.selenium.remote.RemoteWebDriver.findElement(RemoteWebDriver.java:353)\n\tat org.openqa.selenium.support.ui.ExpectedConditions$6.apply(ExpectedConditions.java:171)\n\tat org.openqa.selenium.support.ui.ExpectedConditions$6.apply(ExpectedConditions.java:168)\n\tat org.openqa.selenium.support.ui.FluentWait.until(FluentWait.java:205)\n\tat base.BasePage.findElement(BasePage.java:17)\n\tat base.BasePage.checkElementDisplayed(BasePage.java:36)\n\tat parallel.LoginSteps.checkSuccessfullyLogin(LoginSteps.java:67)\n\tat java.base/jdk.internal.reflect.DirectMethodHandleAccessor.invoke(DirectMethodHandleAccessor.java:103)\n\tat java.base/java.lang.reflect.Method.invoke(Method.java:580)\n\tat io.cucumber.java.Invoker.doInvoke(Invoker.java:66)\n\tat io.cucumber.java.Invoker.invoke(Invoker.java:24)\n\tat io.cucumber.java.AbstractGlueDefinition.invokeMethod(AbstractGlueDefinition.java:47)\n\tat io.cucumber.java.JavaStepDefinition.execute(JavaStepDefinition.java:29)\n\tat io.cucumber.core.runner.CoreStepDefinition.execute(CoreStepDefinition.java:66)\n\tat io.cucumber.core.runner.PickleStepDefinitionMatch.runStep(PickleStepDefinitionMatch.java:63)\n\tat io.cucumber.core.runner.ExecutionMode$1.execute(ExecutionMode.java:10)\n\tat io.cucumber.core.runner.TestStep.executeStep(TestStep.java:84)\n\tat io.cucumber.core.runner.TestStep.run(TestStep.java:56)\n\tat io.cucumber.core.runner.PickleStepTestStep.run(PickleStepTestStep.java:51)\n\tat io.cucumber.core.runner.TestCase.run(TestCase.java:84)\n\tat io.cucumber.core.runner.Runner.runPickle(Runner.java:75)\n\tat io.cucumber.junit.PickleRunners$NoStepDescriptions.lambda$run$0(PickleRunners.java:151)\n\tat io.cucumber.core.runtime.CucumberExecutionContext.lambda$runTestCase$5(CucumberExecutionContext.java:137)\n\tat io.cucumber.core.runtime.RethrowingThrowableCollector.executeAndThrow(RethrowingThrowableCollector.java:23)\n\tat io.cucumber.core.runtime.CucumberExecutionContext.runTestCase(CucumberExecutionContext.java:137)\n\tat io.cucumber.junit.PickleRunners$NoStepDescriptions.run(PickleRunners.java:148)\n\tat io.cucumber.junit.FeatureRunner.runChild(FeatureRunner.java:144)\n\tat io.cucumber.junit.FeatureRunner.runChild(FeatureRunner.java:28)\n\tat org.junit.runners.ParentRunner$4.run(ParentRunner.java:331)\n\tat org.junit.runners.ParentRunner$1.schedule(ParentRunner.java:79)\n\tat org.junit.runners.ParentRunner.runChildren(ParentRunner.java:329)\n\tat org.junit.runners.ParentRunner.access$100(ParentRunner.java:66)\n\tat org.junit.runners.ParentRunner$2.evaluate(ParentRunner.java:293)\n\tat org.junit.runners.ParentRunner$3.evaluate(ParentRunner.java:306)\n\tat org.junit.runners.ParentRunner.run(ParentRunner.java:413)\n\tat io.cucumber.junit.FeatureRunner.run(FeatureRunner.java:137)\n\tat io.cucumber.junit.Cucumber.runChild(Cucumber.java:196)\n\tat io.cucumber.junit.Cucumber.runChild(Cucumber.java:89)\n\tat org.junit.runners.ParentRunner$4.run(ParentRunner.java:331)\n\tat org.apache.maven.surefire.junitcore.pc.Scheduler$1.run(Scheduler.java:410)\n\tat java.base/java.util.concurrent.Executors$RunnableAdapter.call(Executors.java:572)\n\tat java.base/java.util.concurrent.FutureTask.run(FutureTask.java:317)\n\tat java.base/java.util.concurrent.ThreadPoolExecutor.runWorker(ThreadPoolExecutor.java:1144)\n\tat java.base/java.util.concurrent.ThreadPoolExecutor$Worker.run(ThreadPoolExecutor.java:642)\n\tat java.base/java.lang.Thread.run(Thread.java:1583)\n","duration":10711259000,"status":"failed"},"line":10,"name":"Check that logged in successfully","match":{"location":"parallel.LoginSteps.checkSuccessfullyLogin()"},"keyword":"* "}],"tags":[{"name":"@Login"}]}],"name":"Login Scenarios","description":"","id":"login-scenarios","keyword":"Feature","uri":"file:src/test/java/resources/parallel/LoginTests.feature","tags":[{"name":"@Login","type":"Tag","location":{"line":1,"column":1}}]},{"line":2,"elements":[{"line":3,"name":"","description":"","type":"background","keyword":"Background","steps":[{"result":{"duration":2596436000,"status":"passed"},"line":4,"name":"Go to n11 home page","match":{"location":"parallel.SearchSteps.goToN11()"},"keyword":"Given "}]},{"start_timestamp":"2024-01-14T15:40:30.739Z","before":[{"result":{"duration":2470000,"status":"passed"},"match":{"location":"base.BaseTest.before(io.cucumber.java.Scenario)"}},{"result":{"duration":1238384000,"status":"passed"},"match":{"location":"base.BaseTest.setUp()"}}],"line":7,"name":"Successfully search","description":"","id":"search-scenarios;successfully-search","after":[{"result":{"duration":167408000,"status":"passed"},"match":{"location":"base.BaseTest.tearDown()"}}],"type":"scenario","keyword":"Scenario","steps":[{"result":{"duration":150681000,"status":"passed"},"line":8,"name":"Search the key from config","match":{"location":"parallel.SearchSteps.searchKey()"},"keyword":"When "},{"result":{"duration":2807846000,"status":"passed"},"line":9,"name":"Click on the search icon","match":{"location":"parallel.SearchSteps.clickSearchIcon()"},"keyword":"And "},{"result":{"duration":34069000,"status":"passed"},"line":10,"name":"Check that the current url contains the key value","match":{"location":"parallel.SearchSteps.checkSearchUrl()"},"keyword":"Then "},{"result":{"duration":100245000,"status":"passed"},"line":11,"name":"Check that the necessary text fields are equal to the key value","match":{"location":"parallel.SearchSteps.checkSearchTextFields()"},"keyword":"Then "}],"tags":[{"name":"@Search"}]}],"name":"Search Scenarios","description":"","id":"search-scenarios","keyword":"Feature","uri":"file:src/test/java/resources/parallel/SearchTest.feature","tags":[{"name":"@Search","type":"Tag","location":{"line":1,"column":1}}]}]