-------------------------------------------------------------------------------
Test set: com.trendyol.test.Scenario1PAGETest
-------------------------------------------------------------------------------
Tests run: 2, Failures: 0, Errors: 2, Skipped: 0, Time elapsed: 6.67 s <<< FAILURE! - in com.trendyol.test.Scenario1PAGETest
testLogin(com.trendyol.test.Scenario1PAGETest)  Time elapsed: 6.333 s  <<< ERROR!
java.lang.NullPointerException
	at com.trendyol.test.Scenario1PAGETest.before(Scenario1PAGETest.java:33)

testLogin(com.trendyol.test.Scenario1PAGETest)  Time elapsed: 6.334 s  <<< ERROR!
java.lang.NullPointerException: Cannot invoke "org.openqa.selenium.WebDriver.quit()" because "com.trendyol.base.BaseTest.webDriver" is null
	at com.trendyol.test.Scenario1PAGETest.after(Scenario1PAGETest.java:54)

